
Gurobi 8.1.0 (win64, Python) logging started 06/13/19 22:51:58

Optimize a model with 112 rows, 104 columns and 240 nonzeros
Variable types: 48 continuous, 56 integer (32 binary)
Coefficient statistics:
  Matrix range     [1e+00, 1e+03]
  Objective range  [0e+00, 0e+00]
  Bounds range     [1e+00, 1e+02]
  RHS range        [1e+00, 2e+00]
Found heuristic solution: objective 0.0000000

Explored 0 nodes (0 simplex iterations) in 0.00 seconds
Thread count was 1 (of 8 available processors)

Solution count 1: 0 

Optimal solution found (tolerance 1.00e-04)
Best objective 0.000000000000e+00, best bound 0.000000000000e+00, gap 0.0000%
Optimize a model with 112 rows, 104 columns and 240 nonzeros
Variable types: 48 continuous, 56 integer (32 binary)
Coefficient statistics:
  Matrix range     [1e+00, 1e+03]
  Objective range  [0e+00, 0e+00]
  Bounds range     [1e+00, 1e+02]
  RHS range        [1e+00, 2e+00]
Found heuristic solution: objective 0.0000000

Explored 0 nodes (0 simplex iterations) in 0.00 seconds
Thread count was 1 (of 8 available processors)

Solution count 1: 0 

Optimal solution found (tolerance 1.00e-04)
Best objective 0.000000000000e+00, best bound 0.000000000000e+00, gap 0.0000%
Optimize a model with 112 rows, 104 columns and 240 nonzeros
Variable types: 48 continuous, 56 integer (32 binary)
Coefficient statistics:
  Matrix range     [1e+00, 1e+03]
  Objective range  [0e+00, 0e+00]
  Bounds range     [1e+00, 1e+02]
  RHS range        [1e+00, 2e+00]
Found heuristic solution: objective 0.0000000

Explored 0 nodes (0 simplex iterations) in 0.00 seconds
Thread count was 1 (of 8 available processors)

Solution count 1: 0 

Optimal solution found (tolerance 1.00e-04)
Best objective 0.000000000000e+00, best bound 0.000000000000e+00, gap 0.0000%
Optimize a model with 112 rows, 104 columns and 240 nonzeros
Variable types: 48 continuous, 56 integer (32 binary)
Coefficient statistics:
  Matrix range     [1e+00, 1e+03]
  Objective range  [0e+00, 0e+00]
  Bounds range     [1e+00, 1e+02]
  RHS range        [1e+00, 2e+00]
Found heuristic solution: objective 0.0000000

Explored 0 nodes (0 simplex iterations) in 0.00 seconds
Thread count was 1 (of 8 available processors)

Solution count 1: 0 

Optimal solution found (tolerance 1.00e-04)
Best objective 0.000000000000e+00, best bound 0.000000000000e+00, gap 0.0000%
Optimize a model with 112 rows, 104 columns and 240 nonzeros
Variable types: 48 continuous, 56 integer (32 binary)
Coefficient statistics:
  Matrix range     [1e+00, 1e+03]
  Objective range  [0e+00, 0e+00]
  Bounds range     [1e+00, 1e+02]
  RHS range        [1e+00, 2e+00]
Found heuristic solution: objective 0.0000000

Explored 0 nodes (0 simplex iterations) in 0.00 seconds
Thread count was 1 (of 8 available processors)

Solution count 1: 0 

Optimal solution found (tolerance 1.00e-04)
Best objective 0.000000000000e+00, best bound 0.000000000000e+00, gap 0.0000%
Optimize a model with 112 rows, 104 columns and 240 nonzeros
Variable types: 48 continuous, 56 integer (32 binary)
Coefficient statistics:
  Matrix range     [1e+00, 1e+03]
  Objective range  [0e+00, 0e+00]
  Bounds range     [1e+00, 1e+02]
  RHS range        [1e+00, 2e+00]
Found heuristic solution: objective 0.0000000

Explored 0 nodes (0 simplex iterations) in 0.00 seconds
Thread count was 1 (of 8 available processors)

Solution count 1: 0 

Optimal solution found (tolerance 1.00e-04)
Best objective 0.000000000000e+00, best bound 0.000000000000e+00, gap 0.0000%
Optimize a model with 112 rows, 104 columns and 240 nonzeros
Variable types: 48 continuous, 56 integer (32 binary)
Coefficient statistics:
  Matrix range     [1e+00, 1e+03]
  Objective range  [0e+00, 0e+00]
  Bounds range     [1e+00, 1e+02]
  RHS range        [1e+00, 2e+00]
Found heuristic solution: objective 0.0000000

Explored 0 nodes (0 simplex iterations) in 0.00 seconds
Thread count was 1 (of 8 available processors)

Solution count 1: 0 

Optimal solution found (tolerance 1.00e-04)
Best objective 0.000000000000e+00, best bound 0.000000000000e+00, gap 0.0000%
Optimize a model with 112 rows, 104 columns and 240 nonzeros
Variable types: 48 continuous, 56 integer (32 binary)
Coefficient statistics:
  Matrix range     [1e+00, 1e+03]
  Objective range  [0e+00, 0e+00]
  Bounds range     [1e+00, 1e+02]
  RHS range        [1e+00, 2e+00]
Found heuristic solution: objective 0.0000000

Explored 0 nodes (0 simplex iterations) in 0.00 seconds
Thread count was 1 (of 8 available processors)

Solution count 1: 0 

Optimal solution found (tolerance 1.00e-04)
Best objective 0.000000000000e+00, best bound 0.000000000000e+00, gap 0.0000%
Optimize a model with 112 rows, 104 columns and 240 nonzeros
Variable types: 48 continuous, 56 integer (32 binary)
Coefficient statistics:
  Matrix range     [1e+00, 1e+03]
  Objective range  [0e+00, 0e+00]
  Bounds range     [1e+00, 1e+02]
  RHS range        [1e+00, 2e+00]
Found heuristic solution: objective 0.0000000

Explored 0 nodes (0 simplex iterations) in 0.00 seconds
Thread count was 1 (of 8 available processors)

Solution count 1: 0 

Optimal solution found (tolerance 1.00e-04)
Best objective 0.000000000000e+00, best bound 0.000000000000e+00, gap 0.0000%
Optimize a model with 112 rows, 104 columns and 240 nonzeros
Variable types: 48 continuous, 56 integer (32 binary)
Coefficient statistics:
  Matrix range     [1e+00, 1e+03]
  Objective range  [0e+00, 0e+00]
  Bounds range     [1e+00, 1e+02]
  RHS range        [1e+00, 2e+00]
Found heuristic solution: objective 0.0000000

Explored 0 nodes (0 simplex iterations) in 0.00 seconds
Thread count was 1 (of 8 available processors)

Solution count 1: 0 

Optimal solution found (tolerance 1.00e-04)
Best objective 0.000000000000e+00, best bound 0.000000000000e+00, gap 0.0000%
Optimize a model with 112 rows, 104 columns and 242 nonzeros
Variable types: 48 continuous, 56 integer (32 binary)
Coefficient statistics:
  Matrix range     [8e-01, 1e+03]
  Objective range  [0e+00, 0e+00]
  Bounds range     [1e+00, 1e+02]
  RHS range        [1e+00, 1e+02]
Found heuristic solution: objective 0.0000000

Explored 0 nodes (0 simplex iterations) in 0.00 seconds
Thread count was 1 (of 8 available processors)

Solution count 1: 0 

Optimal solution found (tolerance 1.00e-04)
Best objective 0.000000000000e+00, best bound 0.000000000000e+00, gap 0.0000%
Optimize a model with 112 rows, 104 columns and 240 nonzeros
Variable types: 48 continuous, 56 integer (32 binary)
Coefficient statistics:
  Matrix range     [1e+00, 1e+03]
  Objective range  [0e+00, 0e+00]
  Bounds range     [1e+00, 1e+02]
  RHS range        [1e+00, 2e+00]
Found heuristic solution: objective 0.0000000

Explored 0 nodes (0 simplex iterations) in 0.00 seconds
Thread count was 1 (of 8 available processors)

Solution count 1: 0 

Optimal solution found (tolerance 1.00e-04)
Best objective 0.000000000000e+00, best bound 0.000000000000e+00, gap 0.0000%
Optimize a model with 112 rows, 104 columns and 240 nonzeros
Variable types: 48 continuous, 56 integer (32 binary)
Coefficient statistics:
  Matrix range     [1e+00, 1e+03]
  Objective range  [0e+00, 0e+00]
  Bounds range     [1e+00, 1e+02]
  RHS range        [1e+00, 2e+00]
Found heuristic solution: objective 0.0000000

Explored 0 nodes (0 simplex iterations) in 0.00 seconds
Thread count was 1 (of 8 available processors)

Solution count 1: 0 

Optimal solution found (tolerance 1.00e-04)
Best objective 0.000000000000e+00, best bound 0.000000000000e+00, gap 0.0000%
Optimize a model with 112 rows, 104 columns and 240 nonzeros
Variable types: 48 continuous, 56 integer (32 binary)
Coefficient statistics:
  Matrix range     [1e+00, 1e+03]
  Objective range  [0e+00, 0e+00]
  Bounds range     [1e+00, 1e+02]
  RHS range        [1e+00, 2e+00]
Found heuristic solution: objective 0.0000000

Explored 0 nodes (0 simplex iterations) in 0.00 seconds
Thread count was 1 (of 8 available processors)

Solution count 1: 0 

Optimal solution found (tolerance 1.00e-04)
Best objective 0.000000000000e+00, best bound 0.000000000000e+00, gap 0.0000%
Optimize a model with 112 rows, 104 columns and 240 nonzeros
Variable types: 48 continuous, 56 integer (32 binary)
Coefficient statistics:
  Matrix range     [1e+00, 1e+03]
  Objective range  [0e+00, 0e+00]
  Bounds range     [1e+00, 1e+02]
  RHS range        [1e+00, 2e+00]
Found heuristic solution: objective 0.0000000

Explored 0 nodes (0 simplex iterations) in 0.00 seconds
Thread count was 1 (of 8 available processors)

Solution count 1: 0 

Optimal solution found (tolerance 1.00e-04)
Best objective 0.000000000000e+00, best bound 0.000000000000e+00, gap 0.0000%
Optimize a model with 112 rows, 104 columns and 240 nonzeros
Variable types: 48 continuous, 56 integer (32 binary)
Coefficient statistics:
  Matrix range     [1e+00, 1e+03]
  Objective range  [0e+00, 0e+00]
  Bounds range     [1e+00, 1e+02]
  RHS range        [1e+00, 2e+00]
Found heuristic solution: objective 0.0000000

Explored 0 nodes (0 simplex iterations) in 0.00 seconds
Thread count was 1 (of 8 available processors)

Solution count 1: 0 

Optimal solution found (tolerance 1.00e-04)
Best objective 0.000000000000e+00, best bound 0.000000000000e+00, gap 0.0000%
Optimize a model with 112 rows, 104 columns and 240 nonzeros
Variable types: 48 continuous, 56 integer (32 binary)
Coefficient statistics:
  Matrix range     [1e+00, 1e+03]
  Objective range  [0e+00, 0e+00]
  Bounds range     [1e+00, 1e+02]
  RHS range        [1e+00, 2e+00]
Found heuristic solution: objective 0.0000000

Explored 0 nodes (0 simplex iterations) in 0.00 seconds
Thread count was 1 (of 8 available processors)

Solution count 1: 0 

Optimal solution found (tolerance 1.00e-04)
Best objective 0.000000000000e+00, best bound 0.000000000000e+00, gap 0.0000%
Optimize a model with 112 rows, 104 columns and 240 nonzeros
Variable types: 48 continuous, 56 integer (32 binary)
Coefficient statistics:
  Matrix range     [1e+00, 1e+03]
  Objective range  [0e+00, 0e+00]
  Bounds range     [1e+00, 1e+02]
  RHS range        [1e+00, 2e+00]
Found heuristic solution: objective 0.0000000

Explored 0 nodes (0 simplex iterations) in 0.00 seconds
Thread count was 1 (of 8 available processors)

Solution count 1: 0 

Optimal solution found (tolerance 1.00e-04)
Best objective 0.000000000000e+00, best bound 0.000000000000e+00, gap 0.0000%
Optimize a model with 112 rows, 104 columns and 240 nonzeros
Variable types: 48 continuous, 56 integer (32 binary)
Coefficient statistics:
  Matrix range     [1e+00, 1e+03]
  Objective range  [0e+00, 0e+00]
  Bounds range     [1e+00, 1e+02]
  RHS range        [1e+00, 2e+00]
Found heuristic solution: objective 0.0000000

Explored 0 nodes (0 simplex iterations) in 0.00 seconds
Thread count was 1 (of 8 available processors)

Solution count 1: 0 

Optimal solution found (tolerance 1.00e-04)
Best objective 0.000000000000e+00, best bound 0.000000000000e+00, gap 0.0000%
Optimize a model with 112 rows, 104 columns and 242 nonzeros
Variable types: 48 continuous, 56 integer (32 binary)
Coefficient statistics:
  Matrix range     [5e-01, 1e+03]
  Objective range  [1e+00, 1e+00]
  Bounds range     [1e+00, 1e+02]
  RHS range        [1e+00, 1e+02]
Found heuristic solution: objective 14.0000000
Presolve removed 80 rows and 80 columns
Presolve time: 0.00s
Presolved: 32 rows, 24 columns, 96 nonzeros
Variable types: 0 continuous, 24 integer (16 binary)

Explored 0 nodes (0 simplex iterations) in 0.00 seconds
Thread count was 8 (of 8 available processors)

Solution count 1: 14 

Optimal solution found (tolerance 1.00e-04)
Best objective 1.400000000000e+01, best bound 1.400000000000e+01, gap 0.0000%
Optimize a model with 112 rows, 104 columns and 240 nonzeros
Variable types: 48 continuous, 56 integer (32 binary)
Coefficient statistics:
  Matrix range     [1e+00, 1e+03]
  Objective range  [0e+00, 0e+00]
  Bounds range     [1e+00, 1e+02]
  RHS range        [1e+00, 2e+00]
Found heuristic solution: objective 0.0000000

Explored 0 nodes (0 simplex iterations) in 0.00 seconds
Thread count was 1 (of 8 available processors)

Solution count 1: 0 

Optimal solution found (tolerance 1.00e-04)
Best objective 0.000000000000e+00, best bound 0.000000000000e+00, gap 0.0000%
Optimize a model with 112 rows, 104 columns and 240 nonzeros
Variable types: 48 continuous, 56 integer (32 binary)
Coefficient statistics:
  Matrix range     [1e+00, 1e+03]
  Objective range  [0e+00, 0e+00]
  Bounds range     [1e+00, 1e+02]
  RHS range        [1e+00, 2e+00]
Found heuristic solution: objective 0.0000000

Explored 0 nodes (0 simplex iterations) in 0.00 seconds
Thread count was 1 (of 8 available processors)

Solution count 1: 0 

Optimal solution found (tolerance 1.00e-04)
Best objective 0.000000000000e+00, best bound 0.000000000000e+00, gap 0.0000%
Optimize a model with 112 rows, 104 columns and 240 nonzeros
Variable types: 48 continuous, 56 integer (32 binary)
Coefficient statistics:
  Matrix range     [1e+00, 1e+03]
  Objective range  [0e+00, 0e+00]
  Bounds range     [1e+00, 1e+02]
  RHS range        [1e+00, 2e+00]
Found heuristic solution: objective 0.0000000

Explored 0 nodes (0 simplex iterations) in 0.00 seconds
Thread count was 1 (of 8 available processors)

Solution count 1: 0 

Optimal solution found (tolerance 1.00e-04)
Best objective 0.000000000000e+00, best bound 0.000000000000e+00, gap 0.0000%
Optimize a model with 112 rows, 104 columns and 240 nonzeros
Variable types: 48 continuous, 56 integer (32 binary)
Coefficient statistics:
  Matrix range     [1e+00, 1e+03]
  Objective range  [0e+00, 0e+00]
  Bounds range     [1e+00, 1e+02]
  RHS range        [1e+00, 2e+00]
Found heuristic solution: objective 0.0000000

Explored 0 nodes (0 simplex iterations) in 0.00 seconds
Thread count was 1 (of 8 available processors)

Solution count 1: 0 

Optimal solution found (tolerance 1.00e-04)
Best objective 0.000000000000e+00, best bound 0.000000000000e+00, gap 0.0000%
Optimize a model with 112 rows, 104 columns and 240 nonzeros
Variable types: 48 continuous, 56 integer (32 binary)
Coefficient statistics:
  Matrix range     [1e+00, 1e+03]
  Objective range  [0e+00, 0e+00]
  Bounds range     [1e+00, 1e+02]
  RHS range        [1e+00, 2e+00]
Found heuristic solution: objective 0.0000000

Explored 0 nodes (0 simplex iterations) in 0.00 seconds
Thread count was 1 (of 8 available processors)

Solution count 1: 0 

Optimal solution found (tolerance 1.00e-04)
Best objective 0.000000000000e+00, best bound 0.000000000000e+00, gap 0.0000%
Optimize a model with 112 rows, 104 columns and 240 nonzeros
Variable types: 48 continuous, 56 integer (32 binary)
Coefficient statistics:
  Matrix range     [1e+00, 1e+03]
  Objective range  [0e+00, 0e+00]
  Bounds range     [1e+00, 1e+02]
  RHS range        [1e+00, 2e+00]
Found heuristic solution: objective 0.0000000

Explored 0 nodes (0 simplex iterations) in 0.00 seconds
Thread count was 1 (of 8 available processors)

Solution count 1: 0 

Optimal solution found (tolerance 1.00e-04)
Best objective 0.000000000000e+00, best bound 0.000000000000e+00, gap 0.0000%
Optimize a model with 112 rows, 104 columns and 240 nonzeros
Variable types: 48 continuous, 56 integer (32 binary)
Coefficient statistics:
  Matrix range     [1e+00, 1e+03]
  Objective range  [0e+00, 0e+00]
  Bounds range     [1e+00, 1e+02]
  RHS range        [1e+00, 2e+00]
Found heuristic solution: objective 0.0000000

Explored 0 nodes (0 simplex iterations) in 0.00 seconds
Thread count was 1 (of 8 available processors)

Solution count 1: 0 

Optimal solution found (tolerance 1.00e-04)
Best objective 0.000000000000e+00, best bound 0.000000000000e+00, gap 0.0000%
Optimize a model with 112 rows, 104 columns and 240 nonzeros
Variable types: 48 continuous, 56 integer (32 binary)
Coefficient statistics:
  Matrix range     [1e+00, 1e+03]
  Objective range  [0e+00, 0e+00]
  Bounds range     [1e+00, 1e+02]
  RHS range        [1e+00, 2e+00]
Found heuristic solution: objective 0.0000000

Explored 0 nodes (0 simplex iterations) in 0.00 seconds
Thread count was 1 (of 8 available processors)

Solution count 1: 0 

Optimal solution found (tolerance 1.00e-04)
Best objective 0.000000000000e+00, best bound 0.000000000000e+00, gap 0.0000%
Optimize a model with 112 rows, 104 columns and 240 nonzeros
Variable types: 48 continuous, 56 integer (32 binary)
Coefficient statistics:
  Matrix range     [1e+00, 1e+03]
  Objective range  [0e+00, 0e+00]
  Bounds range     [1e+00, 1e+02]
  RHS range        [1e+00, 2e+00]
Found heuristic solution: objective 0.0000000

Explored 0 nodes (0 simplex iterations) in 0.00 seconds
Thread count was 1 (of 8 available processors)

Solution count 1: 0 

Optimal solution found (tolerance 1.00e-04)
Best objective 0.000000000000e+00, best bound 0.000000000000e+00, gap 0.0000%
Optimize a model with 112 rows, 104 columns and 240 nonzeros
Variable types: 48 continuous, 56 integer (32 binary)
Coefficient statistics:
  Matrix range     [1e+00, 1e+03]
  Objective range  [0e+00, 0e+00]
  Bounds range     [1e+00, 1e+02]
  RHS range        [1e+00, 2e+00]
Found heuristic solution: objective 0.0000000

Explored 0 nodes (0 simplex iterations) in 0.00 seconds
Thread count was 1 (of 8 available processors)

Solution count 1: 0 

Optimal solution found (tolerance 1.00e-04)
Best objective 0.000000000000e+00, best bound 0.000000000000e+00, gap 0.0000%
Optimize a model with 112 rows, 104 columns and 240 nonzeros
Variable types: 48 continuous, 56 integer (32 binary)
Coefficient statistics:
  Matrix range     [1e+00, 1e+03]
  Objective range  [0e+00, 0e+00]
  Bounds range     [1e+00, 1e+02]
  RHS range        [1e+00, 2e+00]
Found heuristic solution: objective 0.0000000

Explored 0 nodes (0 simplex iterations) in 0.00 seconds
Thread count was 1 (of 8 available processors)

Solution count 1: 0 

Optimal solution found (tolerance 1.00e-04)
Best objective 0.000000000000e+00, best bound 0.000000000000e+00, gap 0.0000%
Optimize a model with 112 rows, 104 columns and 240 nonzeros
Variable types: 48 continuous, 56 integer (32 binary)
Coefficient statistics:
  Matrix range     [1e+00, 1e+03]
  Objective range  [0e+00, 0e+00]
  Bounds range     [1e+00, 1e+02]
  RHS range        [1e+00, 2e+00]
Found heuristic solution: objective 0.0000000

Explored 0 nodes (0 simplex iterations) in 0.00 seconds
Thread count was 1 (of 8 available processors)

Solution count 1: 0 

Optimal solution found (tolerance 1.00e-04)
Best objective 0.000000000000e+00, best bound 0.000000000000e+00, gap 0.0000%
Optimize a model with 112 rows, 104 columns and 240 nonzeros
Variable types: 48 continuous, 56 integer (32 binary)
Coefficient statistics:
  Matrix range     [1e+00, 1e+03]
  Objective range  [0e+00, 0e+00]
  Bounds range     [1e+00, 1e+02]
  RHS range        [1e+00, 2e+00]
Found heuristic solution: objective 0.0000000

Explored 0 nodes (0 simplex iterations) in 0.00 seconds
Thread count was 1 (of 8 available processors)

Solution count 1: 0 

Optimal solution found (tolerance 1.00e-04)
Best objective 0.000000000000e+00, best bound 0.000000000000e+00, gap 0.0000%
Optimize a model with 112 rows, 104 columns and 240 nonzeros
Variable types: 48 continuous, 56 integer (32 binary)
Coefficient statistics:
  Matrix range     [1e+00, 1e+03]
  Objective range  [0e+00, 0e+00]
  Bounds range     [1e+00, 1e+02]
  RHS range        [1e+00, 2e+00]
Found heuristic solution: objective 0.0000000

Explored 0 nodes (0 simplex iterations) in 0.00 seconds
Thread count was 1 (of 8 available processors)

Solution count 1: 0 

Optimal solution found (tolerance 1.00e-04)
Best objective 0.000000000000e+00, best bound 0.000000000000e+00, gap 0.0000%
Optimize a model with 112 rows, 104 columns and 240 nonzeros
Variable types: 48 continuous, 56 integer (32 binary)
Coefficient statistics:
  Matrix range     [1e+00, 1e+03]
  Objective range  [0e+00, 0e+00]
  Bounds range     [1e+00, 1e+02]
  RHS range        [1e+00, 2e+00]
Found heuristic solution: objective 0.0000000

Explored 0 nodes (0 simplex iterations) in 0.00 seconds
Thread count was 1 (of 8 available processors)

Solution count 1: 0 

Optimal solution found (tolerance 1.00e-04)
Best objective 0.000000000000e+00, best bound 0.000000000000e+00, gap 0.0000%
Optimize a model with 112 rows, 104 columns and 240 nonzeros
Variable types: 48 continuous, 56 integer (32 binary)
Coefficient statistics:
  Matrix range     [1e+00, 1e+03]
  Objective range  [0e+00, 0e+00]
  Bounds range     [1e+00, 1e+02]
  RHS range        [1e+00, 2e+00]
Found heuristic solution: objective 0.0000000

Explored 0 nodes (0 simplex iterations) in 0.00 seconds
Thread count was 1 (of 8 available processors)

Solution count 1: 0 

Optimal solution found (tolerance 1.00e-04)
Best objective 0.000000000000e+00, best bound 0.000000000000e+00, gap 0.0000%
Optimize a model with 112 rows, 104 columns and 240 nonzeros
Variable types: 48 continuous, 56 integer (32 binary)
Coefficient statistics:
  Matrix range     [1e+00, 1e+03]
  Objective range  [0e+00, 0e+00]
  Bounds range     [1e+00, 1e+02]
  RHS range        [1e+00, 2e+00]
Found heuristic solution: objective 0.0000000

Explored 0 nodes (0 simplex iterations) in 0.00 seconds
Thread count was 1 (of 8 available processors)

Solution count 1: 0 

Optimal solution found (tolerance 1.00e-04)
Best objective 0.000000000000e+00, best bound 0.000000000000e+00, gap 0.0000%
Optimize a model with 112 rows, 104 columns and 240 nonzeros
Variable types: 48 continuous, 56 integer (32 binary)
Coefficient statistics:
  Matrix range     [1e+00, 1e+03]
  Objective range  [0e+00, 0e+00]
  Bounds range     [1e+00, 1e+02]
  RHS range        [1e+00, 2e+00]
Found heuristic solution: objective 0.0000000

Explored 0 nodes (0 simplex iterations) in 0.00 seconds
Thread count was 1 (of 8 available processors)

Solution count 1: 0 

Optimal solution found (tolerance 1.00e-04)
Best objective 0.000000000000e+00, best bound 0.000000000000e+00, gap 0.0000%
Optimize a model with 112 rows, 104 columns and 242 nonzeros
Variable types: 48 continuous, 56 integer (32 binary)
Coefficient statistics:
  Matrix range     [9e-01, 1e+03]
  Objective range  [0e+00, 0e+00]
  Bounds range     [1e+00, 1e+02]
  RHS range        [1e+00, 1e+02]
Found heuristic solution: objective 0.0000000

Explored 0 nodes (0 simplex iterations) in 0.00 seconds
Thread count was 1 (of 8 available processors)

Solution count 1: 0 

Optimal solution found (tolerance 1.00e-04)
Best objective 0.000000000000e+00, best bound 0.000000000000e+00, gap 0.0000%
Optimize a model with 112 rows, 104 columns and 240 nonzeros
Variable types: 48 continuous, 56 integer (32 binary)
Coefficient statistics:
  Matrix range     [1e+00, 1e+03]
  Objective range  [0e+00, 0e+00]
  Bounds range     [1e+00, 1e+02]
  RHS range        [1e+00, 2e+00]
Found heuristic solution: objective 0.0000000

Explored 0 nodes (0 simplex iterations) in 0.00 seconds
Thread count was 1 (of 8 available processors)

Solution count 1: 0 

Optimal solution found (tolerance 1.00e-04)
Best objective 0.000000000000e+00, best bound 0.000000000000e+00, gap 0.0000%
Optimize a model with 112 rows, 104 columns and 242 nonzeros
Variable types: 48 continuous, 56 integer (32 binary)
Coefficient statistics:
  Matrix range     [8e-01, 1e+03]
  Objective range  [0e+00, 0e+00]
  Bounds range     [1e+00, 1e+02]
  RHS range        [1e+00, 1e+02]
Found heuristic solution: objective 0.0000000

Explored 0 nodes (0 simplex iterations) in 0.00 seconds
Thread count was 1 (of 8 available processors)

Solution count 1: 0 

Optimal solution found (tolerance 1.00e-04)
Best objective 0.000000000000e+00, best bound 0.000000000000e+00, gap 0.0000%
Optimize a model with 112 rows, 104 columns and 240 nonzeros
Variable types: 48 continuous, 56 integer (32 binary)
Coefficient statistics:
  Matrix range     [1e+00, 1e+03]
  Objective range  [0e+00, 0e+00]
  Bounds range     [1e+00, 1e+02]
  RHS range        [1e+00, 2e+00]
Found heuristic solution: objective 0.0000000

Explored 0 nodes (0 simplex iterations) in 0.00 seconds
Thread count was 1 (of 8 available processors)

Solution count 1: 0 

Optimal solution found (tolerance 1.00e-04)
Best objective 0.000000000000e+00, best bound 0.000000000000e+00, gap 0.0000%
Optimize a model with 112 rows, 104 columns and 240 nonzeros
Variable types: 48 continuous, 56 integer (32 binary)
Coefficient statistics:
  Matrix range     [1e+00, 1e+03]
  Objective range  [0e+00, 0e+00]
  Bounds range     [1e+00, 1e+02]
  RHS range        [1e+00, 2e+00]
Found heuristic solution: objective 0.0000000

Explored 0 nodes (0 simplex iterations) in 0.00 seconds
Thread count was 1 (of 8 available processors)

Solution count 1: 0 

Optimal solution found (tolerance 1.00e-04)
Best objective 0.000000000000e+00, best bound 0.000000000000e+00, gap 0.0000%
Optimize a model with 112 rows, 104 columns and 240 nonzeros
Variable types: 48 continuous, 56 integer (32 binary)
Coefficient statistics:
  Matrix range     [1e+00, 1e+03]
  Objective range  [0e+00, 0e+00]
  Bounds range     [1e+00, 1e+02]
  RHS range        [1e+00, 2e+00]
Found heuristic solution: objective 0.0000000

Explored 0 nodes (0 simplex iterations) in 0.00 seconds
Thread count was 1 (of 8 available processors)

Solution count 1: 0 

Optimal solution found (tolerance 1.00e-04)
Best objective 0.000000000000e+00, best bound 0.000000000000e+00, gap 0.0000%
Optimize a model with 112 rows, 104 columns and 240 nonzeros
Variable types: 48 continuous, 56 integer (32 binary)
Coefficient statistics:
  Matrix range     [1e+00, 1e+03]
  Objective range  [0e+00, 0e+00]
  Bounds range     [1e+00, 1e+02]
  RHS range        [1e+00, 2e+00]
Found heuristic solution: objective 0.0000000

Explored 0 nodes (0 simplex iterations) in 0.00 seconds
Thread count was 1 (of 8 available processors)

Solution count 1: 0 

Optimal solution found (tolerance 1.00e-04)
Best objective 0.000000000000e+00, best bound 0.000000000000e+00, gap 0.0000%
Optimize a model with 112 rows, 104 columns and 240 nonzeros
Variable types: 48 continuous, 56 integer (32 binary)
Coefficient statistics:
  Matrix range     [1e+00, 1e+03]
  Objective range  [0e+00, 0e+00]
  Bounds range     [1e+00, 1e+02]
  RHS range        [1e+00, 2e+00]
Found heuristic solution: objective 0.0000000

Explored 0 nodes (0 simplex iterations) in 0.00 seconds
Thread count was 1 (of 8 available processors)

Solution count 1: 0 

Optimal solution found (tolerance 1.00e-04)
Best objective 0.000000000000e+00, best bound 0.000000000000e+00, gap 0.0000%
Optimize a model with 112 rows, 104 columns and 242 nonzeros
Variable types: 48 continuous, 56 integer (32 binary)
Coefficient statistics:
  Matrix range     [5e-01, 1e+03]
  Objective range  [1e+00, 1e+00]
  Bounds range     [1e+00, 1e+02]
  RHS range        [1e+00, 1e+02]
Found heuristic solution: objective 14.0000000
Presolve removed 80 rows and 80 columns
Presolve time: 0.00s
Presolved: 32 rows, 24 columns, 96 nonzeros
Variable types: 0 continuous, 24 integer (16 binary)

Explored 0 nodes (0 simplex iterations) in 0.00 seconds
Thread count was 8 (of 8 available processors)

Solution count 1: 14 

Optimal solution found (tolerance 1.00e-04)
Best objective 1.400000000000e+01, best bound 1.400000000000e+01, gap 0.0000%
Optimize a model with 112 rows, 104 columns and 240 nonzeros
Variable types: 48 continuous, 56 integer (32 binary)
Coefficient statistics:
  Matrix range     [1e+00, 1e+03]
  Objective range  [0e+00, 0e+00]
  Bounds range     [1e+00, 1e+02]
  RHS range        [1e+00, 2e+00]
Found heuristic solution: objective 0.0000000

Explored 0 nodes (0 simplex iterations) in 0.00 seconds
Thread count was 1 (of 8 available processors)

Solution count 1: 0 

Optimal solution found (tolerance 1.00e-04)
Best objective 0.000000000000e+00, best bound 0.000000000000e+00, gap 0.0000%
Optimize a model with 112 rows, 104 columns and 242 nonzeros
Variable types: 48 continuous, 56 integer (32 binary)
Coefficient statistics:
  Matrix range     [5e-01, 1e+03]
  Objective range  [1e+00, 1e+00]
  Bounds range     [1e+00, 1e+02]
  RHS range        [1e+00, 1e+02]
Found heuristic solution: objective 14.0000000
Presolve removed 80 rows and 80 columns
Presolve time: 0.00s
Presolved: 32 rows, 24 columns, 96 nonzeros
Variable types: 0 continuous, 24 integer (16 binary)

Explored 0 nodes (0 simplex iterations) in 0.00 seconds
Thread count was 8 (of 8 available processors)

Solution count 1: 14 

Optimal solution found (tolerance 1.00e-04)
Best objective 1.400000000000e+01, best bound 1.400000000000e+01, gap 0.0000%
Optimize a model with 112 rows, 104 columns and 240 nonzeros
Variable types: 48 continuous, 56 integer (32 binary)
Coefficient statistics:
  Matrix range     [1e+00, 1e+03]
  Objective range  [0e+00, 0e+00]
  Bounds range     [1e+00, 1e+02]
  RHS range        [1e+00, 2e+00]
Found heuristic solution: objective 0.0000000

Explored 0 nodes (0 simplex iterations) in 0.00 seconds
Thread count was 1 (of 8 available processors)

Solution count 1: 0 

Optimal solution found (tolerance 1.00e-04)
Best objective 0.000000000000e+00, best bound 0.000000000000e+00, gap 0.0000%
Optimize a model with 112 rows, 104 columns and 240 nonzeros
Variable types: 48 continuous, 56 integer (32 binary)
Coefficient statistics:
  Matrix range     [1e+00, 1e+03]
  Objective range  [0e+00, 0e+00]
  Bounds range     [1e+00, 1e+02]
  RHS range        [1e+00, 2e+00]
Found heuristic solution: objective 0.0000000

Explored 0 nodes (0 simplex iterations) in 0.00 seconds
Thread count was 1 (of 8 available processors)

Solution count 1: 0 

Optimal solution found (tolerance 1.00e-04)
Best objective 0.000000000000e+00, best bound 0.000000000000e+00, gap 0.0000%
Optimize a model with 112 rows, 104 columns and 240 nonzeros
Variable types: 48 continuous, 56 integer (32 binary)
Coefficient statistics:
  Matrix range     [1e+00, 1e+03]
  Objective range  [0e+00, 0e+00]
  Bounds range     [1e+00, 1e+02]
  RHS range        [1e+00, 2e+00]
Found heuristic solution: objective 0.0000000

Explored 0 nodes (0 simplex iterations) in 0.00 seconds
Thread count was 1 (of 8 available processors)

Solution count 1: 0 

Optimal solution found (tolerance 1.00e-04)
Best objective 0.000000000000e+00, best bound 0.000000000000e+00, gap 0.0000%
Optimize a model with 112 rows, 104 columns and 240 nonzeros
Variable types: 48 continuous, 56 integer (32 binary)
Coefficient statistics:
  Matrix range     [1e+00, 1e+03]
  Objective range  [0e+00, 0e+00]
  Bounds range     [1e+00, 1e+02]
  RHS range        [1e+00, 2e+00]
Found heuristic solution: objective 0.0000000

Explored 0 nodes (0 simplex iterations) in 0.00 seconds
Thread count was 1 (of 8 available processors)

Solution count 1: 0 

Optimal solution found (tolerance 1.00e-04)
Best objective 0.000000000000e+00, best bound 0.000000000000e+00, gap 0.0000%
Optimize a model with 112 rows, 104 columns and 240 nonzeros
Variable types: 48 continuous, 56 integer (32 binary)
Coefficient statistics:
  Matrix range     [1e+00, 1e+03]
  Objective range  [0e+00, 0e+00]
  Bounds range     [1e+00, 1e+02]
  RHS range        [1e+00, 2e+00]
Found heuristic solution: objective 0.0000000

Explored 0 nodes (0 simplex iterations) in 0.00 seconds
Thread count was 1 (of 8 available processors)

Solution count 1: 0 

Optimal solution found (tolerance 1.00e-04)
Best objective 0.000000000000e+00, best bound 0.000000000000e+00, gap 0.0000%
Optimize a model with 112 rows, 104 columns and 240 nonzeros
Variable types: 48 continuous, 56 integer (32 binary)
Coefficient statistics:
  Matrix range     [1e+00, 1e+03]
  Objective range  [0e+00, 0e+00]
  Bounds range     [1e+00, 1e+02]
  RHS range        [1e+00, 2e+00]
Found heuristic solution: objective 0.0000000

Explored 0 nodes (0 simplex iterations) in 0.00 seconds
Thread count was 1 (of 8 available processors)

Solution count 1: 0 

Optimal solution found (tolerance 1.00e-04)
Best objective 0.000000000000e+00, best bound 0.000000000000e+00, gap 0.0000%
Optimize a model with 112 rows, 104 columns and 240 nonzeros
Variable types: 48 continuous, 56 integer (32 binary)
Coefficient statistics:
  Matrix range     [1e+00, 1e+03]
  Objective range  [0e+00, 0e+00]
  Bounds range     [1e+00, 1e+02]
  RHS range        [1e+00, 2e+00]
Found heuristic solution: objective 0.0000000

Explored 0 nodes (0 simplex iterations) in 0.00 seconds
Thread count was 1 (of 8 available processors)

Solution count 1: 0 

Optimal solution found (tolerance 1.00e-04)
Best objective 0.000000000000e+00, best bound 0.000000000000e+00, gap 0.0000%
Optimize a model with 112 rows, 104 columns and 240 nonzeros
Variable types: 48 continuous, 56 integer (32 binary)
Coefficient statistics:
  Matrix range     [1e+00, 1e+03]
  Objective range  [0e+00, 0e+00]
  Bounds range     [1e+00, 1e+02]
  RHS range        [1e+00, 2e+00]
Found heuristic solution: objective 0.0000000

Explored 0 nodes (0 simplex iterations) in 0.00 seconds
Thread count was 1 (of 8 available processors)

Solution count 1: 0 

Optimal solution found (tolerance 1.00e-04)
Best objective 0.000000000000e+00, best bound 0.000000000000e+00, gap 0.0000%
Optimize a model with 112 rows, 104 columns and 242 nonzeros
Variable types: 48 continuous, 56 integer (32 binary)
Coefficient statistics:
  Matrix range     [7e-01, 1e+03]
  Objective range  [0e+00, 0e+00]
  Bounds range     [1e+00, 1e+02]
  RHS range        [1e+00, 1e+02]
Found heuristic solution: objective 0.0000000

Explored 0 nodes (0 simplex iterations) in 0.00 seconds
Thread count was 1 (of 8 available processors)

Solution count 1: 0 

Optimal solution found (tolerance 1.00e-04)
Best objective 0.000000000000e+00, best bound 0.000000000000e+00, gap 0.0000%
Optimize a model with 112 rows, 104 columns and 242 nonzeros
Variable types: 48 continuous, 56 integer (32 binary)
Coefficient statistics:
  Matrix range     [8e-01, 1e+03]
  Objective range  [0e+00, 0e+00]
  Bounds range     [1e+00, 1e+02]
  RHS range        [1e+00, 1e+02]
Found heuristic solution: objective 0.0000000

Explored 0 nodes (0 simplex iterations) in 0.00 seconds
Thread count was 1 (of 8 available processors)

Solution count 1: 0 

Optimal solution found (tolerance 1.00e-04)
Best objective 0.000000000000e+00, best bound 0.000000000000e+00, gap 0.0000%
Optimize a model with 112 rows, 104 columns and 240 nonzeros
Variable types: 48 continuous, 56 integer (32 binary)
Coefficient statistics:
  Matrix range     [1e+00, 1e+03]
  Objective range  [0e+00, 0e+00]
  Bounds range     [1e+00, 1e+02]
  RHS range        [1e+00, 2e+00]
Found heuristic solution: objective 0.0000000

Explored 0 nodes (0 simplex iterations) in 0.00 seconds
Thread count was 1 (of 8 available processors)

Solution count 1: 0 

Optimal solution found (tolerance 1.00e-04)
Best objective 0.000000000000e+00, best bound 0.000000000000e+00, gap 0.0000%
Optimize a model with 112 rows, 104 columns and 240 nonzeros
Variable types: 48 continuous, 56 integer (32 binary)
Coefficient statistics:
  Matrix range     [1e+00, 1e+03]
  Objective range  [0e+00, 0e+00]
  Bounds range     [1e+00, 1e+02]
  RHS range        [1e+00, 2e+00]
Found heuristic solution: objective 0.0000000

Explored 0 nodes (0 simplex iterations) in 0.00 seconds
Thread count was 1 (of 8 available processors)

Solution count 1: 0 

Optimal solution found (tolerance 1.00e-04)
Best objective 0.000000000000e+00, best bound 0.000000000000e+00, gap 0.0000%
Optimize a model with 112 rows, 104 columns and 240 nonzeros
Variable types: 48 continuous, 56 integer (32 binary)
Coefficient statistics:
  Matrix range     [1e+00, 1e+03]
  Objective range  [0e+00, 0e+00]
  Bounds range     [1e+00, 1e+02]
  RHS range        [1e+00, 2e+00]
Found heuristic solution: objective 0.0000000

Explored 0 nodes (0 simplex iterations) in 0.00 seconds
Thread count was 1 (of 8 available processors)

Solution count 1: 0 

Optimal solution found (tolerance 1.00e-04)
Best objective 0.000000000000e+00, best bound 0.000000000000e+00, gap 0.0000%
Optimize a model with 112 rows, 104 columns and 242 nonzeros
Variable types: 48 continuous, 56 integer (32 binary)
Coefficient statistics:
  Matrix range     [5e-01, 1e+03]
  Objective range  [0e+00, 0e+00]
  Bounds range     [1e+00, 1e+02]
  RHS range        [1e+00, 1e+02]
Found heuristic solution: objective 0.0000000

Explored 0 nodes (0 simplex iterations) in 0.00 seconds
Thread count was 1 (of 8 available processors)

Solution count 1: 0 

Optimal solution found (tolerance 1.00e-04)
Best objective 0.000000000000e+00, best bound 0.000000000000e+00, gap 0.0000%
Optimize a model with 112 rows, 104 columns and 242 nonzeros
Variable types: 48 continuous, 56 integer (32 binary)
Coefficient statistics:
  Matrix range     [5e-01, 1e+03]
  Objective range  [1e+00, 1e+00]
  Bounds range     [1e+00, 1e+02]
  RHS range        [1e+00, 1e+02]
Found heuristic solution: objective 14.0000000
Presolve removed 80 rows and 80 columns
Presolve time: 0.00s
Presolved: 32 rows, 24 columns, 96 nonzeros
Variable types: 0 continuous, 24 integer (16 binary)

Explored 0 nodes (0 simplex iterations) in 0.00 seconds
Thread count was 8 (of 8 available processors)

Solution count 1: 14 

Optimal solution found (tolerance 1.00e-04)
Best objective 1.400000000000e+01, best bound 1.400000000000e+01, gap 0.0000%
Optimize a model with 112 rows, 104 columns and 242 nonzeros
Variable types: 48 continuous, 56 integer (32 binary)
Coefficient statistics:
  Matrix range     [5e-01, 1e+03]
  Objective range  [1e+00, 1e+00]
  Bounds range     [1e+00, 1e+02]
  RHS range        [1e+00, 1e+02]
Found heuristic solution: objective 14.0000000
Presolve removed 80 rows and 80 columns
Presolve time: 0.00s
Presolved: 32 rows, 24 columns, 96 nonzeros
Variable types: 0 continuous, 24 integer (16 binary)

Explored 0 nodes (0 simplex iterations) in 0.00 seconds
Thread count was 8 (of 8 available processors)

Solution count 1: 14 

Optimal solution found (tolerance 1.00e-04)
Best objective 1.400000000000e+01, best bound 1.400000000000e+01, gap 0.0000%
Optimize a model with 112 rows, 104 columns and 240 nonzeros
Variable types: 48 continuous, 56 integer (32 binary)
Coefficient statistics:
  Matrix range     [1e+00, 1e+03]
  Objective range  [0e+00, 0e+00]
  Bounds range     [1e+00, 1e+02]
  RHS range        [1e+00, 2e+00]
Found heuristic solution: objective 0.0000000

Explored 0 nodes (0 simplex iterations) in 0.00 seconds
Thread count was 1 (of 8 available processors)

Solution count 1: 0 

Optimal solution found (tolerance 1.00e-04)
Best objective 0.000000000000e+00, best bound 0.000000000000e+00, gap 0.0000%
Optimize a model with 112 rows, 104 columns and 240 nonzeros
Variable types: 48 continuous, 56 integer (32 binary)
Coefficient statistics:
  Matrix range     [1e+00, 1e+03]
  Objective range  [0e+00, 0e+00]
  Bounds range     [1e+00, 1e+02]
  RHS range        [1e+00, 2e+00]
Found heuristic solution: objective 0.0000000

Explored 0 nodes (0 simplex iterations) in 0.00 seconds
Thread count was 1 (of 8 available processors)

Solution count 1: 0 

Optimal solution found (tolerance 1.00e-04)
Best objective 0.000000000000e+00, best bound 0.000000000000e+00, gap 0.0000%
Optimize a model with 112 rows, 104 columns and 240 nonzeros
Variable types: 48 continuous, 56 integer (32 binary)
Coefficient statistics:
  Matrix range     [1e+00, 1e+03]
  Objective range  [0e+00, 0e+00]
  Bounds range     [1e+00, 1e+02]
  RHS range        [1e+00, 2e+00]
Found heuristic solution: objective 0.0000000

Explored 0 nodes (0 simplex iterations) in 0.00 seconds
Thread count was 1 (of 8 available processors)

Solution count 1: 0 

Optimal solution found (tolerance 1.00e-04)
Best objective 0.000000000000e+00, best bound 0.000000000000e+00, gap 0.0000%
Optimize a model with 112 rows, 104 columns and 242 nonzeros
Variable types: 48 continuous, 56 integer (32 binary)
Coefficient statistics:
  Matrix range     [5e-01, 1e+03]
  Objective range  [0e+00, 0e+00]
  Bounds range     [1e+00, 1e+02]
  RHS range        [1e+00, 1e+02]
Found heuristic solution: objective 0.0000000

Explored 0 nodes (0 simplex iterations) in 0.00 seconds
Thread count was 1 (of 8 available processors)

Solution count 1: 0 

Optimal solution found (tolerance 1.00e-04)
Best objective 0.000000000000e+00, best bound 0.000000000000e+00, gap 0.0000%
Optimize a model with 112 rows, 104 columns and 240 nonzeros
Variable types: 48 continuous, 56 integer (32 binary)
Coefficient statistics:
  Matrix range     [1e+00, 1e+03]
  Objective range  [0e+00, 0e+00]
  Bounds range     [1e+00, 1e+02]
  RHS range        [1e+00, 2e+00]
Found heuristic solution: objective 0.0000000

Explored 0 nodes (0 simplex iterations) in 0.00 seconds
Thread count was 1 (of 8 available processors)

Solution count 1: 0 

Optimal solution found (tolerance 1.00e-04)
Best objective 0.000000000000e+00, best bound 0.000000000000e+00, gap 0.0000%
Optimize a model with 112 rows, 104 columns and 240 nonzeros
Variable types: 48 continuous, 56 integer (32 binary)
Coefficient statistics:
  Matrix range     [1e+00, 1e+03]
  Objective range  [0e+00, 0e+00]
  Bounds range     [1e+00, 1e+02]
  RHS range        [1e+00, 2e+00]
Found heuristic solution: objective 0.0000000

Explored 0 nodes (0 simplex iterations) in 0.00 seconds
Thread count was 1 (of 8 available processors)

Solution count 1: 0 

Optimal solution found (tolerance 1.00e-04)
Best objective 0.000000000000e+00, best bound 0.000000000000e+00, gap 0.0000%
Optimize a model with 112 rows, 104 columns and 240 nonzeros
Variable types: 48 continuous, 56 integer (32 binary)
Coefficient statistics:
  Matrix range     [1e+00, 1e+03]
  Objective range  [0e+00, 0e+00]
  Bounds range     [1e+00, 1e+02]
  RHS range        [1e+00, 2e+00]
Found heuristic solution: objective 0.0000000

Explored 0 nodes (0 simplex iterations) in 0.00 seconds
Thread count was 1 (of 8 available processors)

Solution count 1: 0 

Optimal solution found (tolerance 1.00e-04)
Best objective 0.000000000000e+00, best bound 0.000000000000e+00, gap 0.0000%
Optimize a model with 112 rows, 104 columns and 244 nonzeros
Variable types: 48 continuous, 56 integer (32 binary)
Coefficient statistics:
  Matrix range     [5e-01, 1e+03]
  Objective range  [1e+00, 1e+00]
  Bounds range     [1e+00, 1e+02]
  RHS range        [1e+00, 1e+02]
Found heuristic solution: objective 16.0000000
Presolve removed 80 rows and 80 columns
Presolve time: 0.00s
Presolved: 32 rows, 24 columns, 96 nonzeros
Variable types: 0 continuous, 24 integer (16 binary)

Root relaxation: objective 1.400000e+01, 8 iterations, 0.00 seconds

    Nodes    |    Current Node    |     Objective Bounds      |     Work
 Expl Unexpl |  Obj  Depth IntInf | Incumbent    BestBd   Gap | It/Node Time

     0     0   14.00000    0    8   16.00000   14.00000  12.5%     -    0s
H    0     0                      14.0000000   14.00000  0.00%     -    0s

Explored 1 nodes (8 simplex iterations) in 0.01 seconds
Thread count was 8 (of 8 available processors)

Solution count 2: 14 16 

Optimal solution found (tolerance 1.00e-04)
Best objective 1.400000000000e+01, best bound 1.400000000000e+01, gap 0.0000%
Optimize a model with 112 rows, 104 columns and 240 nonzeros
Variable types: 48 continuous, 56 integer (32 binary)
Coefficient statistics:
  Matrix range     [1e+00, 1e+03]
  Objective range  [0e+00, 0e+00]
  Bounds range     [1e+00, 1e+02]
  RHS range        [1e+00, 2e+00]
Found heuristic solution: objective 0.0000000

Explored 0 nodes (0 simplex iterations) in 0.00 seconds
Thread count was 1 (of 8 available processors)

Solution count 1: 0 

Optimal solution found (tolerance 1.00e-04)
Best objective 0.000000000000e+00, best bound 0.000000000000e+00, gap 0.0000%
Optimize a model with 112 rows, 104 columns and 240 nonzeros
Variable types: 48 continuous, 56 integer (32 binary)
Coefficient statistics:
  Matrix range     [1e+00, 1e+03]
  Objective range  [0e+00, 0e+00]
  Bounds range     [1e+00, 1e+02]
  RHS range        [1e+00, 2e+00]
Found heuristic solution: objective 0.0000000

Explored 0 nodes (0 simplex iterations) in 0.00 seconds
Thread count was 1 (of 8 available processors)

Solution count 1: 0 

Optimal solution found (tolerance 1.00e-04)
Best objective 0.000000000000e+00, best bound 0.000000000000e+00, gap 0.0000%
Optimize a model with 112 rows, 104 columns and 240 nonzeros
Variable types: 48 continuous, 56 integer (32 binary)
Coefficient statistics:
  Matrix range     [1e+00, 1e+03]
  Objective range  [0e+00, 0e+00]
  Bounds range     [1e+00, 1e+02]
  RHS range        [1e+00, 2e+00]
Found heuristic solution: objective 0.0000000

Explored 0 nodes (0 simplex iterations) in 0.00 seconds
Thread count was 1 (of 8 available processors)

Solution count 1: 0 

Optimal solution found (tolerance 1.00e-04)
Best objective 0.000000000000e+00, best bound 0.000000000000e+00, gap 0.0000%
Optimize a model with 112 rows, 104 columns and 240 nonzeros
Variable types: 48 continuous, 56 integer (32 binary)
Coefficient statistics:
  Matrix range     [1e+00, 1e+03]
  Objective range  [0e+00, 0e+00]
  Bounds range     [1e+00, 1e+02]
  RHS range        [1e+00, 2e+00]
Found heuristic solution: objective 0.0000000

Explored 0 nodes (0 simplex iterations) in 0.00 seconds
Thread count was 1 (of 8 available processors)

Solution count 1: 0 

Optimal solution found (tolerance 1.00e-04)
Best objective 0.000000000000e+00, best bound 0.000000000000e+00, gap 0.0000%
Optimize a model with 112 rows, 104 columns and 242 nonzeros
Variable types: 48 continuous, 56 integer (32 binary)
Coefficient statistics:
  Matrix range     [5e-01, 1e+03]
  Objective range  [0e+00, 0e+00]
  Bounds range     [1e+00, 1e+02]
  RHS range        [1e+00, 1e+02]
Found heuristic solution: objective 0.0000000

Explored 0 nodes (0 simplex iterations) in 0.00 seconds
Thread count was 1 (of 8 available processors)

Solution count 1: 0 

Optimal solution found (tolerance 1.00e-04)
Best objective 0.000000000000e+00, best bound 0.000000000000e+00, gap 0.0000%
Optimize a model with 112 rows, 104 columns and 240 nonzeros
Variable types: 48 continuous, 56 integer (32 binary)
Coefficient statistics:
  Matrix range     [1e+00, 1e+03]
  Objective range  [0e+00, 0e+00]
  Bounds range     [1e+00, 1e+02]
  RHS range        [1e+00, 2e+00]
Found heuristic solution: objective 0.0000000

Explored 0 nodes (0 simplex iterations) in 0.00 seconds
Thread count was 1 (of 8 available processors)

Solution count 1: 0 

Optimal solution found (tolerance 1.00e-04)
Best objective 0.000000000000e+00, best bound 0.000000000000e+00, gap 0.0000%
Optimize a model with 112 rows, 104 columns and 240 nonzeros
Variable types: 48 continuous, 56 integer (32 binary)
Coefficient statistics:
  Matrix range     [1e+00, 1e+03]
  Objective range  [0e+00, 0e+00]
  Bounds range     [1e+00, 1e+02]
  RHS range        [1e+00, 2e+00]
Found heuristic solution: objective 0.0000000

Explored 0 nodes (0 simplex iterations) in 0.00 seconds
Thread count was 1 (of 8 available processors)

Solution count 1: 0 

Optimal solution found (tolerance 1.00e-04)
Best objective 0.000000000000e+00, best bound 0.000000000000e+00, gap 0.0000%
Optimize a model with 112 rows, 104 columns and 242 nonzeros
Variable types: 48 continuous, 56 integer (32 binary)
Coefficient statistics:
  Matrix range     [1e+00, 1e+03]
  Objective range  [0e+00, 0e+00]
  Bounds range     [1e+00, 1e+02]
  RHS range        [1e+00, 1e+02]
Found heuristic solution: objective 0.0000000

Explored 0 nodes (0 simplex iterations) in 0.00 seconds
Thread count was 1 (of 8 available processors)

Solution count 1: 0 

Optimal solution found (tolerance 1.00e-04)
Best objective 0.000000000000e+00, best bound 0.000000000000e+00, gap 0.0000%
Optimize a model with 112 rows, 104 columns and 240 nonzeros
Variable types: 48 continuous, 56 integer (32 binary)
Coefficient statistics:
  Matrix range     [1e+00, 1e+03]
  Objective range  [0e+00, 0e+00]
  Bounds range     [1e+00, 1e+02]
  RHS range        [1e+00, 2e+00]
Found heuristic solution: objective 0.0000000

Explored 0 nodes (0 simplex iterations) in 0.00 seconds
Thread count was 1 (of 8 available processors)

Solution count 1: 0 

Optimal solution found (tolerance 1.00e-04)
Best objective 0.000000000000e+00, best bound 0.000000000000e+00, gap 0.0000%
Optimize a model with 112 rows, 104 columns and 240 nonzeros
Variable types: 48 continuous, 56 integer (32 binary)
Coefficient statistics:
  Matrix range     [1e+00, 1e+03]
  Objective range  [0e+00, 0e+00]
  Bounds range     [1e+00, 1e+02]
  RHS range        [1e+00, 2e+00]
Found heuristic solution: objective 0.0000000

Explored 0 nodes (0 simplex iterations) in 0.00 seconds
Thread count was 1 (of 8 available processors)

Solution count 1: 0 

Optimal solution found (tolerance 1.00e-04)
Best objective 0.000000000000e+00, best bound 0.000000000000e+00, gap 0.0000%
Optimize a model with 112 rows, 104 columns and 242 nonzeros
Variable types: 48 continuous, 56 integer (32 binary)
Coefficient statistics:
  Matrix range     [1e+00, 1e+03]
  Objective range  [1e+00, 1e+00]
  Bounds range     [1e+00, 1e+02]
  RHS range        [1e+00, 1e+02]
Found heuristic solution: objective 11.0000000
Presolve removed 80 rows and 80 columns
Presolve time: 0.00s
Presolved: 32 rows, 24 columns, 96 nonzeros
Variable types: 0 continuous, 24 integer (16 binary)

Explored 0 nodes (0 simplex iterations) in 0.00 seconds
Thread count was 8 (of 8 available processors)

Solution count 1: 11 

Optimal solution found (tolerance 1.00e-04)
Best objective 1.100000000000e+01, best bound 1.100000000000e+01, gap 0.0000%
Optimize a model with 112 rows, 104 columns and 240 nonzeros
Variable types: 48 continuous, 56 integer (32 binary)
Coefficient statistics:
  Matrix range     [1e+00, 1e+03]
  Objective range  [0e+00, 0e+00]
  Bounds range     [1e+00, 1e+02]
  RHS range        [1e+00, 2e+00]
Found heuristic solution: objective 0.0000000

Explored 0 nodes (0 simplex iterations) in 0.00 seconds
Thread count was 1 (of 8 available processors)

Solution count 1: 0 

Optimal solution found (tolerance 1.00e-04)
Best objective 0.000000000000e+00, best bound 0.000000000000e+00, gap 0.0000%
Optimize a model with 112 rows, 104 columns and 240 nonzeros
Variable types: 48 continuous, 56 integer (32 binary)
Coefficient statistics:
  Matrix range     [1e+00, 1e+03]
  Objective range  [0e+00, 0e+00]
  Bounds range     [1e+00, 1e+02]
  RHS range        [1e+00, 2e+00]
Found heuristic solution: objective 0.0000000

Explored 0 nodes (0 simplex iterations) in 0.00 seconds
Thread count was 1 (of 8 available processors)

Solution count 1: 0 

Optimal solution found (tolerance 1.00e-04)
Best objective 0.000000000000e+00, best bound 0.000000000000e+00, gap 0.0000%
Optimize a model with 112 rows, 104 columns and 240 nonzeros
Variable types: 48 continuous, 56 integer (32 binary)
Coefficient statistics:
  Matrix range     [1e+00, 1e+03]
  Objective range  [0e+00, 0e+00]
  Bounds range     [1e+00, 1e+02]
  RHS range        [1e+00, 2e+00]
Found heuristic solution: objective 0.0000000

Explored 0 nodes (0 simplex iterations) in 0.00 seconds
Thread count was 1 (of 8 available processors)

Solution count 1: 0 

Optimal solution found (tolerance 1.00e-04)
Best objective 0.000000000000e+00, best bound 0.000000000000e+00, gap 0.0000%
Optimize a model with 112 rows, 104 columns and 240 nonzeros
Variable types: 48 continuous, 56 integer (32 binary)
Coefficient statistics:
  Matrix range     [1e+00, 1e+03]
  Objective range  [0e+00, 0e+00]
  Bounds range     [1e+00, 1e+02]
  RHS range        [1e+00, 2e+00]
Found heuristic solution: objective 0.0000000

Explored 0 nodes (0 simplex iterations) in 0.00 seconds
Thread count was 1 (of 8 available processors)

Solution count 1: 0 

Optimal solution found (tolerance 1.00e-04)
Best objective 0.000000000000e+00, best bound 0.000000000000e+00, gap 0.0000%
Optimize a model with 112 rows, 104 columns and 240 nonzeros
Variable types: 48 continuous, 56 integer (32 binary)
Coefficient statistics:
  Matrix range     [1e+00, 1e+03]
  Objective range  [0e+00, 0e+00]
  Bounds range     [1e+00, 1e+02]
  RHS range        [1e+00, 2e+00]
Found heuristic solution: objective 0.0000000

Explored 0 nodes (0 simplex iterations) in 0.00 seconds
Thread count was 1 (of 8 available processors)

Solution count 1: 0 

Optimal solution found (tolerance 1.00e-04)
Best objective 0.000000000000e+00, best bound 0.000000000000e+00, gap 0.0000%
Optimize a model with 112 rows, 104 columns and 240 nonzeros
Variable types: 48 continuous, 56 integer (32 binary)
Coefficient statistics:
  Matrix range     [1e+00, 1e+03]
  Objective range  [0e+00, 0e+00]
  Bounds range     [1e+00, 1e+02]
  RHS range        [1e+00, 2e+00]
Found heuristic solution: objective 0.0000000

Explored 0 nodes (0 simplex iterations) in 0.00 seconds
Thread count was 1 (of 8 available processors)

Solution count 1: 0 

Optimal solution found (tolerance 1.00e-04)
Best objective 0.000000000000e+00, best bound 0.000000000000e+00, gap 0.0000%
Optimize a model with 112 rows, 104 columns and 240 nonzeros
Variable types: 48 continuous, 56 integer (32 binary)
Coefficient statistics:
  Matrix range     [1e+00, 1e+03]
  Objective range  [0e+00, 0e+00]
  Bounds range     [1e+00, 1e+02]
  RHS range        [1e+00, 2e+00]
Found heuristic solution: objective 0.0000000

Explored 0 nodes (0 simplex iterations) in 0.00 seconds
Thread count was 1 (of 8 available processors)

Solution count 1: 0 

Optimal solution found (tolerance 1.00e-04)
Best objective 0.000000000000e+00, best bound 0.000000000000e+00, gap 0.0000%
Optimize a model with 112 rows, 104 columns and 240 nonzeros
Variable types: 48 continuous, 56 integer (32 binary)
Coefficient statistics:
  Matrix range     [1e+00, 1e+03]
  Objective range  [0e+00, 0e+00]
  Bounds range     [1e+00, 1e+02]
  RHS range        [1e+00, 2e+00]
Found heuristic solution: objective 0.0000000

Explored 0 nodes (0 simplex iterations) in 0.00 seconds
Thread count was 1 (of 8 available processors)

Solution count 1: 0 

Optimal solution found (tolerance 1.00e-04)
Best objective 0.000000000000e+00, best bound 0.000000000000e+00, gap 0.0000%
Optimize a model with 112 rows, 104 columns and 240 nonzeros
Variable types: 48 continuous, 56 integer (32 binary)
Coefficient statistics:
  Matrix range     [1e+00, 1e+03]
  Objective range  [0e+00, 0e+00]
  Bounds range     [1e+00, 1e+02]
  RHS range        [1e+00, 2e+00]
Found heuristic solution: objective 0.0000000

Explored 0 nodes (0 simplex iterations) in 0.00 seconds
Thread count was 1 (of 8 available processors)

Solution count 1: 0 

Optimal solution found (tolerance 1.00e-04)
Best objective 0.000000000000e+00, best bound 0.000000000000e+00, gap 0.0000%
Optimize a model with 112 rows, 104 columns and 240 nonzeros
Variable types: 48 continuous, 56 integer (32 binary)
Coefficient statistics:
  Matrix range     [1e+00, 1e+03]
  Objective range  [0e+00, 0e+00]
  Bounds range     [1e+00, 1e+02]
  RHS range        [1e+00, 2e+00]
Found heuristic solution: objective 0.0000000

Explored 0 nodes (0 simplex iterations) in 0.00 seconds
Thread count was 1 (of 8 available processors)

Solution count 1: 0 

Optimal solution found (tolerance 1.00e-04)
Best objective 0.000000000000e+00, best bound 0.000000000000e+00, gap 0.0000%
Optimize a model with 112 rows, 104 columns and 240 nonzeros
Variable types: 48 continuous, 56 integer (32 binary)
Coefficient statistics:
  Matrix range     [1e+00, 1e+03]
  Objective range  [0e+00, 0e+00]
  Bounds range     [1e+00, 1e+02]
  RHS range        [1e+00, 2e+00]
Found heuristic solution: objective 0.0000000

Explored 0 nodes (0 simplex iterations) in 0.00 seconds
Thread count was 1 (of 8 available processors)

Solution count 1: 0 

Optimal solution found (tolerance 1.00e-04)
Best objective 0.000000000000e+00, best bound 0.000000000000e+00, gap 0.0000%
Optimize a model with 112 rows, 104 columns and 248 nonzeros
Variable types: 48 continuous, 56 integer (32 binary)
Coefficient statistics:
  Matrix range     [5e-01, 1e+03]
  Objective range  [1e+00, 1e+00]
  Bounds range     [1e+00, 1e+02]
  RHS range        [1e+00, 1e+02]
Found heuristic solution: objective 26.0000000
Presolve removed 80 rows and 80 columns
Presolve time: 0.00s
Presolved: 32 rows, 24 columns, 96 nonzeros
Variable types: 0 continuous, 24 integer (16 binary)

Root relaxation: objective 1.400000e+01, 12 iterations, 0.00 seconds

    Nodes    |    Current Node    |     Objective Bounds      |     Work
 Expl Unexpl |  Obj  Depth IntInf | Incumbent    BestBd   Gap | It/Node Time

     0     0   14.00000    0    6   26.00000   14.00000  46.2%     -    0s
H    0     0                      24.0000000   14.00000  41.7%     -    0s
H    0     0                      22.0000000   14.00000  36.4%     -    0s
H    0     0                      18.0000000   18.00000  0.00%     -    0s
     0     0   18.00000    0    3   18.00000   18.00000  0.00%     -    0s

Cutting planes:
  Implied bound: 4
  MIR: 6

Explored 1 nodes (25 simplex iterations) in 0.01 seconds
Thread count was 8 (of 8 available processors)

Solution count 4: 18 22 24 26 

Optimal solution found (tolerance 1.00e-04)
Best objective 1.800000000000e+01, best bound 1.800000000000e+01, gap 0.0000%
Optimize a model with 112 rows, 104 columns and 240 nonzeros
Variable types: 48 continuous, 56 integer (32 binary)
Coefficient statistics:
  Matrix range     [1e+00, 1e+03]
  Objective range  [0e+00, 0e+00]
  Bounds range     [1e+00, 1e+02]
  RHS range        [1e+00, 2e+00]
Found heuristic solution: objective 0.0000000

Explored 0 nodes (0 simplex iterations) in 0.00 seconds
Thread count was 1 (of 8 available processors)

Solution count 1: 0 

Optimal solution found (tolerance 1.00e-04)
Best objective 0.000000000000e+00, best bound 0.000000000000e+00, gap 0.0000%
Optimize a model with 112 rows, 104 columns and 240 nonzeros
Variable types: 48 continuous, 56 integer (32 binary)
Coefficient statistics:
  Matrix range     [1e+00, 1e+03]
  Objective range  [0e+00, 0e+00]
  Bounds range     [1e+00, 1e+02]
  RHS range        [1e+00, 2e+00]
Found heuristic solution: objective 0.0000000

Explored 0 nodes (0 simplex iterations) in 0.00 seconds
Thread count was 1 (of 8 available processors)

Solution count 1: 0 

Optimal solution found (tolerance 1.00e-04)
Best objective 0.000000000000e+00, best bound 0.000000000000e+00, gap 0.0000%
Optimize a model with 112 rows, 104 columns and 240 nonzeros
Variable types: 48 continuous, 56 integer (32 binary)
Coefficient statistics:
  Matrix range     [1e+00, 1e+03]
  Objective range  [0e+00, 0e+00]
  Bounds range     [1e+00, 1e+02]
  RHS range        [1e+00, 2e+00]
Found heuristic solution: objective 0.0000000

Explored 0 nodes (0 simplex iterations) in 0.00 seconds
Thread count was 1 (of 8 available processors)

Solution count 1: 0 

Optimal solution found (tolerance 1.00e-04)
Best objective 0.000000000000e+00, best bound 0.000000000000e+00, gap 0.0000%
Optimize a model with 112 rows, 104 columns and 242 nonzeros
Variable types: 48 continuous, 56 integer (32 binary)
Coefficient statistics:
  Matrix range     [5e-01, 1e+03]
  Objective range  [0e+00, 0e+00]
  Bounds range     [1e+00, 1e+02]
  RHS range        [1e+00, 1e+02]
Found heuristic solution: objective 0.0000000

Explored 0 nodes (0 simplex iterations) in 0.00 seconds
Thread count was 1 (of 8 available processors)

Solution count 1: 0 

Optimal solution found (tolerance 1.00e-04)
Best objective 0.000000000000e+00, best bound 0.000000000000e+00, gap 0.0000%
Optimize a model with 112 rows, 104 columns and 240 nonzeros
Variable types: 48 continuous, 56 integer (32 binary)
Coefficient statistics:
  Matrix range     [1e+00, 1e+03]
  Objective range  [0e+00, 0e+00]
  Bounds range     [1e+00, 1e+02]
  RHS range        [1e+00, 2e+00]
Found heuristic solution: objective 0.0000000

Explored 0 nodes (0 simplex iterations) in 0.00 seconds
Thread count was 1 (of 8 available processors)

Solution count 1: 0 

Optimal solution found (tolerance 1.00e-04)
Best objective 0.000000000000e+00, best bound 0.000000000000e+00, gap 0.0000%
Optimize a model with 112 rows, 104 columns and 242 nonzeros
Variable types: 48 continuous, 56 integer (32 binary)
Coefficient statistics:
  Matrix range     [5e-01, 1e+03]
  Objective range  [1e+00, 1e+00]
  Bounds range     [1e+00, 1e+02]
  RHS range        [1e+00, 1e+02]
Found heuristic solution: objective 14.0000000
Presolve removed 80 rows and 80 columns
Presolve time: 0.00s
Presolved: 32 rows, 24 columns, 96 nonzeros
Variable types: 0 continuous, 24 integer (16 binary)

Explored 0 nodes (0 simplex iterations) in 0.00 seconds
Thread count was 8 (of 8 available processors)

Solution count 1: 14 

Optimal solution found (tolerance 1.00e-04)
Best objective 1.400000000000e+01, best bound 1.400000000000e+01, gap 0.0000%
Optimize a model with 112 rows, 104 columns and 240 nonzeros
Variable types: 48 continuous, 56 integer (32 binary)
Coefficient statistics:
  Matrix range     [1e+00, 1e+03]
  Objective range  [0e+00, 0e+00]
  Bounds range     [1e+00, 1e+02]
  RHS range        [1e+00, 2e+00]
Found heuristic solution: objective 0.0000000

Explored 0 nodes (0 simplex iterations) in 0.00 seconds
Thread count was 1 (of 8 available processors)

Solution count 1: 0 

Optimal solution found (tolerance 1.00e-04)
Best objective 0.000000000000e+00, best bound 0.000000000000e+00, gap 0.0000%
Optimize a model with 112 rows, 104 columns and 248 nonzeros
Variable types: 48 continuous, 56 integer (32 binary)
Coefficient statistics:
  Matrix range     [5e-01, 1e+03]
  Objective range  [1e+00, 1e+00]
  Bounds range     [1e+00, 1e+02]
  RHS range        [1e+00, 7e+01]
Found heuristic solution: objective 25.0000000
Presolve removed 80 rows and 80 columns
Presolve time: 0.00s
Presolved: 32 rows, 24 columns, 96 nonzeros
Variable types: 0 continuous, 24 integer (16 binary)

Root relaxation: objective 8.000000e+00, 15 iterations, 0.00 seconds

    Nodes    |    Current Node    |     Objective Bounds      |     Work
 Expl Unexpl |  Obj  Depth IntInf | Incumbent    BestBd   Gap | It/Node Time

     0     0    8.00000    0    3   25.00000    8.00000  68.0%     -    0s
H    0     0                      21.0000000    8.00000  61.9%     -    0s
H    0     0                      17.0000000    8.00000  52.9%     -    0s
     0     0 infeasible    0        17.00000   17.00000  0.00%     -    0s

Cutting planes:
  Implied bound: 4
  MIR: 2

Explored 1 nodes (53 simplex iterations) in 0.01 seconds
Thread count was 8 (of 8 available processors)

Solution count 3: 17 21 25 

Optimal solution found (tolerance 1.00e-04)
Best objective 1.700000000000e+01, best bound 1.700000000000e+01, gap 0.0000%
Optimize a model with 112 rows, 104 columns and 244 nonzeros
Variable types: 48 continuous, 56 integer (32 binary)
Coefficient statistics:
  Matrix range     [1e+00, 1e+03]
  Objective range  [1e+00, 3e+00]
  Bounds range     [1e+00, 1e+02]
  RHS range        [1e+00, 1e+02]
Found heuristic solution: objective 30.0000000
Presolve removed 80 rows and 80 columns
Presolve time: 0.00s
Presolved: 32 rows, 24 columns, 96 nonzeros
Variable types: 0 continuous, 24 integer (16 binary)

Explored 0 nodes (0 simplex iterations) in 0.00 seconds
Thread count was 8 (of 8 available processors)

Solution count 1: 30 

Optimal solution found (tolerance 1.00e-04)
Best objective 3.000000000000e+01, best bound 3.000000000000e+01, gap 0.0000%
Optimize a model with 112 rows, 104 columns and 240 nonzeros
Variable types: 48 continuous, 56 integer (32 binary)
Coefficient statistics:
  Matrix range     [1e+00, 1e+03]
  Objective range  [0e+00, 0e+00]
  Bounds range     [1e+00, 1e+02]
  RHS range        [1e+00, 2e+00]
Found heuristic solution: objective 0.0000000

Explored 0 nodes (0 simplex iterations) in 0.00 seconds
Thread count was 1 (of 8 available processors)

Solution count 1: 0 

Optimal solution found (tolerance 1.00e-04)
Best objective 0.000000000000e+00, best bound 0.000000000000e+00, gap 0.0000%
Optimize a model with 112 rows, 104 columns and 240 nonzeros
Variable types: 48 continuous, 56 integer (32 binary)
Coefficient statistics:
  Matrix range     [1e+00, 1e+03]
  Objective range  [0e+00, 0e+00]
  Bounds range     [1e+00, 1e+02]
  RHS range        [1e+00, 2e+00]
Found heuristic solution: objective 0.0000000

Explored 0 nodes (0 simplex iterations) in 0.00 seconds
Thread count was 1 (of 8 available processors)

Solution count 1: 0 

Optimal solution found (tolerance 1.00e-04)
Best objective 0.000000000000e+00, best bound 0.000000000000e+00, gap 0.0000%
Optimize a model with 112 rows, 104 columns and 244 nonzeros
Variable types: 48 continuous, 56 integer (32 binary)
Coefficient statistics:
  Matrix range     [8e-01, 1e+03]
  Objective range  [1e+00, 1e+00]
  Bounds range     [1e+00, 1e+02]
  RHS range        [1e+00, 1e+02]
Found heuristic solution: objective 24.0000000
Presolve removed 80 rows and 80 columns
Presolve time: 0.00s
Presolved: 32 rows, 24 columns, 96 nonzeros
Variable types: 0 continuous, 24 integer (16 binary)

Explored 0 nodes (0 simplex iterations) in 0.00 seconds
Thread count was 8 (of 8 available processors)

Solution count 1: 24 

Optimal solution found (tolerance 1.00e-04)
Best objective 2.400000000000e+01, best bound 2.400000000000e+01, gap 0.0000%
Optimize a model with 112 rows, 104 columns and 244 nonzeros
Variable types: 48 continuous, 56 integer (32 binary)
Coefficient statistics:
  Matrix range     [5e-01, 1e+03]
  Objective range  [1e+00, 1e+00]
  Bounds range     [1e+00, 1e+02]
  RHS range        [1e+00, 3e+01]
Found heuristic solution: objective 12.0000000
Presolve removed 80 rows and 80 columns
Presolve time: 0.00s
Presolved: 32 rows, 24 columns, 96 nonzeros
Variable types: 0 continuous, 24 integer (16 binary)

Root relaxation: objective 3.000000e+00, 12 iterations, 0.00 seconds

    Nodes    |    Current Node    |     Objective Bounds      |     Work
 Expl Unexpl |  Obj  Depth IntInf | Incumbent    BestBd   Gap | It/Node Time

H    0     0                       3.0000000    3.00000  0.00%     -    0s
     0     0    3.00000    0   12    3.00000    3.00000  0.00%     -    0s

Explored 1 nodes (12 simplex iterations) in 0.00 seconds
Thread count was 8 (of 8 available processors)

Solution count 2: 3 12 

Optimal solution found (tolerance 1.00e-04)
Best objective 3.000000000000e+00, best bound 3.000000000000e+00, gap 0.0000%
Optimize a model with 112 rows, 104 columns and 240 nonzeros
Variable types: 48 continuous, 56 integer (32 binary)
Coefficient statistics:
  Matrix range     [1e+00, 1e+03]
  Objective range  [0e+00, 0e+00]
  Bounds range     [1e+00, 1e+02]
  RHS range        [1e+00, 2e+00]
Found heuristic solution: objective 0.0000000

Explored 0 nodes (0 simplex iterations) in 0.00 seconds
Thread count was 1 (of 8 available processors)

Solution count 1: 0 

Optimal solution found (tolerance 1.00e-04)
Best objective 0.000000000000e+00, best bound 0.000000000000e+00, gap 0.0000%
Optimize a model with 112 rows, 104 columns and 240 nonzeros
Variable types: 48 continuous, 56 integer (32 binary)
Coefficient statistics:
  Matrix range     [1e+00, 1e+03]
  Objective range  [0e+00, 0e+00]
  Bounds range     [1e+00, 1e+02]
  RHS range        [1e+00, 2e+00]
Found heuristic solution: objective 0.0000000

Explored 0 nodes (0 simplex iterations) in 0.00 seconds
Thread count was 1 (of 8 available processors)

Solution count 1: 0 

Optimal solution found (tolerance 1.00e-04)
Best objective 0.000000000000e+00, best bound 0.000000000000e+00, gap 0.0000%
Optimize a model with 112 rows, 104 columns and 246 nonzeros
Variable types: 48 continuous, 56 integer (32 binary)
Coefficient statistics:
  Matrix range     [5e-01, 1e+03]
  Objective range  [1e+00, 1e+00]
  Bounds range     [1e+00, 1e+02]
  RHS range        [1e+00, 1e+02]
Found heuristic solution: objective 30.0000000
Presolve removed 80 rows and 80 columns
Presolve time: 0.00s
Presolved: 32 rows, 24 columns, 96 nonzeros
Variable types: 0 continuous, 24 integer (16 binary)

Root relaxation: objective 1.900000e+01, 8 iterations, 0.00 seconds

    Nodes    |    Current Node    |     Objective Bounds      |     Work
 Expl Unexpl |  Obj  Depth IntInf | Incumbent    BestBd   Gap | It/Node Time

     0     0   19.00000    0    7   30.00000   19.00000  36.7%     -    0s
H    0     0                      21.0000000   19.00000  9.52%     -    0s
H    0     0                      19.0000000   19.00000  0.00%     -    0s

Explored 1 nodes (8 simplex iterations) in 0.01 seconds
Thread count was 8 (of 8 available processors)

Solution count 3: 19 21 30 

Optimal solution found (tolerance 1.00e-04)
Best objective 1.900000000000e+01, best bound 1.900000000000e+01, gap 0.0000%
Optimize a model with 112 rows, 104 columns and 240 nonzeros
Variable types: 48 continuous, 56 integer (32 binary)
Coefficient statistics:
  Matrix range     [1e+00, 1e+03]
  Objective range  [0e+00, 0e+00]
  Bounds range     [1e+00, 1e+02]
  RHS range        [1e+00, 2e+00]
Found heuristic solution: objective 0.0000000

Explored 0 nodes (0 simplex iterations) in 0.00 seconds
Thread count was 1 (of 8 available processors)

Solution count 1: 0 

Optimal solution found (tolerance 1.00e-04)
Best objective 0.000000000000e+00, best bound 0.000000000000e+00, gap 0.0000%
Optimize a model with 112 rows, 104 columns and 244 nonzeros
Variable types: 48 continuous, 56 integer (32 binary)
Coefficient statistics:
  Matrix range     [1e+00, 1e+03]
  Objective range  [1e+00, 1e+00]
  Bounds range     [1e+00, 1e+02]
  RHS range        [1e+00, 1e+02]
Found heuristic solution: objective 4.0000000
Presolve removed 80 rows and 80 columns
Presolve time: 0.00s
Presolved: 32 rows, 24 columns, 96 nonzeros
Variable types: 0 continuous, 24 integer (16 binary)

Explored 0 nodes (0 simplex iterations) in 0.00 seconds
Thread count was 8 (of 8 available processors)

Solution count 1: 4 

Optimal solution found (tolerance 1.00e-04)
Best objective 4.000000000000e+00, best bound 4.000000000000e+00, gap 0.0000%
Optimize a model with 112 rows, 104 columns and 240 nonzeros
Variable types: 48 continuous, 56 integer (32 binary)
Coefficient statistics:
  Matrix range     [1e+00, 1e+03]
  Objective range  [0e+00, 0e+00]
  Bounds range     [1e+00, 1e+02]
  RHS range        [1e+00, 2e+00]
Found heuristic solution: objective 0.0000000

Explored 0 nodes (0 simplex iterations) in 0.00 seconds
Thread count was 1 (of 8 available processors)

Solution count 1: 0 

Optimal solution found (tolerance 1.00e-04)
Best objective 0.000000000000e+00, best bound 0.000000000000e+00, gap 0.0000%
Optimize a model with 112 rows, 104 columns and 240 nonzeros
Variable types: 48 continuous, 56 integer (32 binary)
Coefficient statistics:
  Matrix range     [1e+00, 1e+03]
  Objective range  [0e+00, 0e+00]
  Bounds range     [1e+00, 1e+02]
  RHS range        [1e+00, 2e+00]
Found heuristic solution: objective 0.0000000

Explored 0 nodes (0 simplex iterations) in 0.00 seconds
Thread count was 1 (of 8 available processors)

Solution count 1: 0 

Optimal solution found (tolerance 1.00e-04)
Best objective 0.000000000000e+00, best bound 0.000000000000e+00, gap 0.0000%
Optimize a model with 112 rows, 104 columns and 248 nonzeros
Variable types: 48 continuous, 56 integer (32 binary)
Coefficient statistics:
  Matrix range     [5e-01, 1e+03]
  Objective range  [1e+00, 1e+00]
  Bounds range     [1e+00, 1e+02]
  RHS range        [1e+00, 3e+01]
Found heuristic solution: objective 32.0000000
Presolve removed 80 rows and 80 columns
Presolve time: 0.00s
Presolved: 32 rows, 24 columns, 96 nonzeros
Variable types: 0 continuous, 24 integer (16 binary)

Root relaxation: objective 7.000000e+00, 14 iterations, 0.00 seconds

    Nodes    |    Current Node    |     Objective Bounds      |     Work
 Expl Unexpl |  Obj  Depth IntInf | Incumbent    BestBd   Gap | It/Node Time

     0     0    7.00000    0    9   32.00000    7.00000  78.1%     -    0s
H    0     0                      31.0000000    7.00000  77.4%     -    0s
H    0     0                      25.0000000    7.00000  72.0%     -    0s
H    0     0                      18.0000000    7.00000  61.1%     -    0s
H    0     0                      17.0000000   13.00000  23.5%     -    0s
     0     0   16.00000    0    5   17.00000   16.00000  5.88%     -    0s
     0     0     cutoff    0        17.00000   17.00000  0.00%     -    0s

Cutting planes:
  Gomory: 2
  Implied bound: 6
  MIR: 9
  Mod-K: 1

Explored 1 nodes (50 simplex iterations) in 0.02 seconds
Thread count was 8 (of 8 available processors)

Solution count 5: 17 18 25 ... 32

Optimal solution found (tolerance 1.00e-04)
Best objective 1.700000000000e+01, best bound 1.700000000000e+01, gap 0.0000%
Optimize a model with 112 rows, 104 columns and 242 nonzeros
Variable types: 48 continuous, 56 integer (32 binary)
Coefficient statistics:
  Matrix range     [7e-01, 1e+03]
  Objective range  [0e+00, 0e+00]
  Bounds range     [1e+00, 1e+02]
  RHS range        [1e+00, 1e+02]
Found heuristic solution: objective 0.0000000

Explored 0 nodes (0 simplex iterations) in 0.00 seconds
Thread count was 1 (of 8 available processors)

Solution count 1: 0 

Optimal solution found (tolerance 1.00e-04)
Best objective 0.000000000000e+00, best bound 0.000000000000e+00, gap 0.0000%
Optimize a model with 112 rows, 104 columns and 240 nonzeros
Variable types: 48 continuous, 56 integer (32 binary)
Coefficient statistics:
  Matrix range     [1e+00, 1e+03]
  Objective range  [0e+00, 0e+00]
  Bounds range     [1e+00, 1e+02]
  RHS range        [1e+00, 2e+00]
Found heuristic solution: objective 0.0000000

Explored 0 nodes (0 simplex iterations) in 0.00 seconds
Thread count was 1 (of 8 available processors)

Solution count 1: 0 

Optimal solution found (tolerance 1.00e-04)
Best objective 0.000000000000e+00, best bound 0.000000000000e+00, gap 0.0000%
Optimize a model with 112 rows, 104 columns and 242 nonzeros
Variable types: 48 continuous, 56 integer (32 binary)
Coefficient statistics:
  Matrix range     [5e-01, 1e+03]
  Objective range  [1e+00, 1e+00]
  Bounds range     [1e+00, 1e+02]
  RHS range        [1e+00, 1e+02]
Found heuristic solution: objective 14.0000000
Presolve removed 80 rows and 80 columns
Presolve time: 0.00s
Presolved: 32 rows, 24 columns, 96 nonzeros
Variable types: 0 continuous, 24 integer (16 binary)

Explored 0 nodes (0 simplex iterations) in 0.00 seconds
Thread count was 8 (of 8 available processors)

Solution count 1: 14 

Optimal solution found (tolerance 1.00e-04)
Best objective 1.400000000000e+01, best bound 1.400000000000e+01, gap 0.0000%
Optimize a model with 112 rows, 104 columns and 240 nonzeros
Variable types: 48 continuous, 56 integer (32 binary)
Coefficient statistics:
  Matrix range     [1e+00, 1e+03]
  Objective range  [0e+00, 0e+00]
  Bounds range     [1e+00, 1e+02]
  RHS range        [1e+00, 2e+00]
Found heuristic solution: objective 0.0000000

Explored 0 nodes (0 simplex iterations) in 0.00 seconds
Thread count was 1 (of 8 available processors)

Solution count 1: 0 

Optimal solution found (tolerance 1.00e-04)
Best objective 0.000000000000e+00, best bound 0.000000000000e+00, gap 0.0000%
Optimize a model with 112 rows, 104 columns and 240 nonzeros
Variable types: 48 continuous, 56 integer (32 binary)
Coefficient statistics:
  Matrix range     [1e+00, 1e+03]
  Objective range  [0e+00, 0e+00]
  Bounds range     [1e+00, 1e+02]
  RHS range        [1e+00, 2e+00]
Found heuristic solution: objective 0.0000000

Explored 0 nodes (0 simplex iterations) in 0.00 seconds
Thread count was 1 (of 8 available processors)

Solution count 1: 0 

Optimal solution found (tolerance 1.00e-04)
Best objective 0.000000000000e+00, best bound 0.000000000000e+00, gap 0.0000%
Optimize a model with 112 rows, 104 columns and 246 nonzeros
Variable types: 48 continuous, 56 integer (32 binary)
Coefficient statistics:
  Matrix range     [1e+00, 1e+03]
  Objective range  [1e+00, 1e+00]
  Bounds range     [1e+00, 1e+02]
  RHS range        [1e+00, 1e+02]
Found heuristic solution: objective 37.0000000
Presolve removed 82 rows and 82 columns
Presolve time: 0.00s
Presolved: 30 rows, 22 columns, 88 nonzeros
Variable types: 0 continuous, 22 integer (14 binary)

Explored 0 nodes (0 simplex iterations) in 0.00 seconds
Thread count was 8 (of 8 available processors)

Solution count 1: 37 

Optimal solution found (tolerance 1.00e-04)
Best objective 3.700000000000e+01, best bound 3.700000000000e+01, gap 0.0000%
